<?xml version="1.0" encoding="UTF-8"?>
<!-- Generated by org.testng.reporters.JUnitXMLReporter -->
<testsuite ignored="0" hostname="DESKTOP-O16ND8T" failures="6" tests="19" name="Test" time="1013.463" errors="0" timestamp="2021-07-28T18:19:08 IST">
  <testcase classname="com.saucedemo.testcases.TC_Entitlement_StandardUser" name="Login_StandardUser" time="37.701"/>
  <testcase classname="com.saucedemo.testcases.TC_Entitlement_LockedOutUser" name="Login_LockedOutUser" time="4.72"/>
  <testcase classname="com.saucedemo.testcases.TC_Entitlement_PerformanceGlitchUser" name="PerformanceGlitchUser_Login" time="40.586"/>
  <testcase classname="com.saucedemo.testcases.TC_Entitlement_ProblemUser" name="ProblemUser_Login" time="34.253"/>
  <testcase classname="com.saucedemo.testcases.TC_StandardUser_AddToCart" name="Login_StandardUser" time="52.236"/>
  <testcase classname="com.saucedemo.testcases.TC_StandadUser_AddToCartMultiple" name="StandardUser_Multiple" time="52.13"/>
  <testcase classname="com.saucedemo.testcases.TC_StandardUser_RemovingAndAddingInCart" name="StandardUser_Removing" time="52.162"/>
  <testcase classname="com.saucedemo.testcases.TC_ProblemUser_AddToCart" name="ProblemUserAddToCart" time="37.645">
    <failure type="java.lang.AssertionError" message="Error: Last Name is required expected [true] but found [false]">
      <![CDATA[java.lang.AssertionError: Error: Last Name is required expected [true] but found [false]
at com.saucedemo.pageObjects.Saucedemo_CheckOut.verify_ErrorMsg(Saucedemo_CheckOut.java:58)
at com.saucedemo.testcases.TC_ProblemUser_AddToCart.ProblemUserAddToCart(TC_ProblemUser_AddToCart.java:67)
at java.base/java.util.ArrayList.forEach(ArrayList.java:1507)
... Removed 30 stack frames]]>
    </failure>
  </testcase> <!-- ProblemUserAddToCart -->
  <testcase classname="com.saucedemo.testcases.TC_ProblemUser_AddToCartMultiple" name="ProblemUser_Multiple" time="35.754">
    <failure type="java.lang.AssertionError" message="Cart count is not matching expected [true] but found [false]">
      <![CDATA[java.lang.AssertionError: Cart count is not matching expected [true] but found [false]
at com.saucedemo.pageObjects.Saucedemo_HomePage.verify_cartCount(Saucedemo_HomePage.java:406)
at com.saucedemo.testcases.TC_ProblemUser_AddToCartMultiple.ProblemUser_Multiple(TC_ProblemUser_AddToCartMultiple.java:52)
at java.base/java.util.ArrayList.forEach(ArrayList.java:1507)
... Removed 30 stack frames]]>
    </failure>
  </testcase> <!-- ProblemUser_Multiple -->
  <testcase classname="com.saucedemo.testcases.TC_ProblemUser_RemovingAndAddingInCart" name="Problemuser_Removing" time="35.769">
    <failure type="java.lang.AssertionError" message="Not Matching expected [true] but found [false]">
      <![CDATA[java.lang.AssertionError: Not Matching expected [true] but found [false]
at com.saucedemo.pageObjects.Saucedemo_Cart.verify_SelectedProductsAreShowing(Saucedemo_Cart.java:60)
at com.saucedemo.testcases.TC_ProblemUser_RemovingAndAddingInCart.Problemuser_Removing(TC_ProblemUser_RemovingAndAddingInCart.java:57)
at java.base/java.util.ArrayList.forEach(ArrayList.java:1507)
... Removed 30 stack frames]]>
    </failure>
  </testcase> <!-- Problemuser_Removing -->
  <testcase classname="com.saucedemo.testcases.TC_PerformanceGlitchUser_AddToCart" name="Login_PerformanceGlitchUser" time="66.536"/>
  <testcase classname="com.saucedemo.testcases.TC_PerformanceGlitchUser_AddToCartMultiple" name="PerformaceGlitchUser" time="62.047"/>
  <testcase classname="com.saucedemo.testcases.TC_PerformanceGlitchUser_RemovingAndAddingInCart" name="PerformanceGlitchUser_Removing" time="61.729"/>
  <testcase classname="com.saucedemo.testcases.TC_NegativeCase_Login" name="LoginNegativeCase" time="8.631"/>
  <testcase classname="com.saucedemo.testcases.TC_NegativeCase_CheckOut" name="StandardUser_CheckOut_NegativeCases" time="69.95">
    <failure type="java.lang.AssertionError" message="Error Message is not Showing expected [true] but found [false]">
      <![CDATA[java.lang.AssertionError: Error Message is not Showing expected [true] but found [false]
at com.saucedemo.pageObjects.Saucedemo_CheckOut.verify_CheckOutErrorMsg(Saucedemo_CheckOut.java:75)
at com.saucedemo.testcases.TC_NegativeCase_CheckOut.StandardUser_CheckOut_NegativeCases(TC_NegativeCase_CheckOut.java:127)
at java.base/java.util.ArrayList.forEach(ArrayList.java:1507)
... Removed 30 stack frames]]>
    </failure>
  </testcase> <!-- StandardUser_CheckOut_NegativeCases -->
  <testcase classname="com.saucedemo.testcases.TC_NegativeCase_EmptyCart" name="EmptyCart" time="75.23">
    <failure type="java.lang.AssertionError" message="Cart is Empty expected [true] but found [false]">
      <![CDATA[java.lang.AssertionError: Cart is Empty expected [true] but found [false]
at com.saucedemo.pageObjects.Saucedemo_Cart.click_checkOut(Saucedemo_Cart.java:26)
at com.saucedemo.testcases.TC_NegativeCase_EmptyCart.EmptyCart(TC_NegativeCase_EmptyCart.java:58)
at java.base/java.util.ArrayList.forEach(ArrayList.java:1507)
... Removed 30 stack frames]]>
    </failure>
  </testcase> <!-- EmptyCart -->
  <testcase classname="com.saucedemo.testcases.TC_StandardUser_Sort" name="StandardUser_Sort" time="41.89"/>
  <testcase classname="com.saucedemo.testcases.TC_ProblemUser_Sort" name="ProblemUser_Sort" time="38.167">
    <failure type="java.lang.AssertionError" message="Sort is not working for low to high expected [true] but found [false]">
      <![CDATA[java.lang.AssertionError: Sort is not working for low to high expected [true] but found [false]
at com.saucedemo.pageObjects.Saucedemo_HomePage.Select_Filter(Saucedemo_HomePage.java:139)
at com.saucedemo.testcases.TC_ProblemUser_Sort.ProblemUser_Sort(TC_ProblemUser_Sort.java:38)
at java.base/java.util.ArrayList.forEach(ArrayList.java:1507)
... Removed 30 stack frames]]>
    </failure>
  </testcase> <!-- ProblemUser_Sort -->
  <testcase classname="com.saucedemo.testcases.TC_PerformanceGlitchUser_Sort" name="PerformanceGlitchUser_Sort" time="59.839"/>
</testsuite> <!-- Test -->
