<?xml version="1.0" encoding="UTF-8"?>
<testng-results ignored="0" total="19" passed="13" failed="6" skipped="0">
  <reporter-output>
  </reporter-output>
  <suite started-at="2021-07-28T18:02:15 IST" name="Suite" finished-at="2021-07-28T18:19:08 IST" duration-ms="1013463">
    <groups>
      <group name="NegativeCases">
        <method signature="TC_NegativeCase_CheckOut.StandardUser_CheckOut_NegativeCases()[pri:0, instance:com.saucedemo.testcases.TC_NegativeCase_CheckOut@bef2d72]" name="StandardUser_CheckOut_NegativeCases" class="com.saucedemo.testcases.TC_NegativeCase_CheckOut"/>
        <method signature="TC_NegativeCase_EmptyCart.EmptyCart()[pri:0, instance:com.saucedemo.testcases.TC_NegativeCase_EmptyCart@69b2283a]" name="EmptyCart" class="com.saucedemo.testcases.TC_NegativeCase_EmptyCart"/>
      </group> <!-- NegativeCases -->
      <group name="StandardUser">
        <method signature="TC_Entitlement_StandardUser.Login_StandardUser()[pri:0, instance:com.saucedemo.testcases.TC_Entitlement_StandardUser@149e0f5d]" name="Login_StandardUser" class="com.saucedemo.testcases.TC_Entitlement_StandardUser"/>
        <method signature="TC_StandadUser_AddToCartMultiple.StandardUser_Multiple()[pri:0, instance:com.saucedemo.testcases.TC_StandadUser_AddToCartMultiple@36c88a32]" name="StandardUser_Multiple" class="com.saucedemo.testcases.TC_StandadUser_AddToCartMultiple"/>
        <method signature="TC_StandardUser_AddToCart.Login_StandardUser()[pri:0, instance:com.saucedemo.testcases.TC_StandardUser_AddToCart@ef9296d]" name="Login_StandardUser" class="com.saucedemo.testcases.TC_StandardUser_AddToCart"/>
        <method signature="TC_StandardUser_RemovingAndAddingInCart.StandardUser_Removing()[pri:0, instance:com.saucedemo.testcases.TC_StandardUser_RemovingAndAddingInCart@7880cdf3]" name="StandardUser_Removing" class="com.saucedemo.testcases.TC_StandardUser_RemovingAndAddingInCart"/>
        <method signature="TC_StandardUser_Sort.StandardUser_Sort()[pri:0, instance:com.saucedemo.testcases.TC_StandardUser_Sort@22a637e7]" name="StandardUser_Sort" class="com.saucedemo.testcases.TC_StandardUser_Sort"/>
      </group> <!-- StandardUser -->
      <group name="ProblemUser">
        <method signature="TC_Entitlement_ProblemUser.ProblemUser_Login()[pri:0, instance:com.saucedemo.testcases.TC_Entitlement_ProblemUser@6af93788]" name="ProblemUser_Login" class="com.saucedemo.testcases.TC_Entitlement_ProblemUser"/>
        <method signature="TC_ProblemUser_AddToCart.ProblemUserAddToCart()[pri:0, instance:com.saucedemo.testcases.TC_ProblemUser_AddToCart@5be6e01c]" name="ProblemUserAddToCart" class="com.saucedemo.testcases.TC_ProblemUser_AddToCart"/>
        <method signature="TC_ProblemUser_AddToCartMultiple.ProblemUser_Multiple()[pri:0, instance:com.saucedemo.testcases.TC_ProblemUser_AddToCartMultiple@1c93084c]" name="ProblemUser_Multiple" class="com.saucedemo.testcases.TC_ProblemUser_AddToCartMultiple"/>
        <method signature="TC_ProblemUser_RemovingAndAddingInCart.Problemuser_Removing()[pri:0, instance:com.saucedemo.testcases.TC_ProblemUser_RemovingAndAddingInCart@6ef888f6]" name="Problemuser_Removing" class="com.saucedemo.testcases.TC_ProblemUser_RemovingAndAddingInCart"/>
        <method signature="TC_ProblemUser_Sort.ProblemUser_Sort()[pri:0, instance:com.saucedemo.testcases.TC_ProblemUser_Sort@6fe7aac8]" name="ProblemUser_Sort" class="com.saucedemo.testcases.TC_ProblemUser_Sort"/>
      </group> <!-- ProblemUser -->
      <group name="LockedOutUser">
        <method signature="TC_Entitlement_LockedOutUser.Login_LockedOutUser()[pri:0, instance:com.saucedemo.testcases.TC_Entitlement_LockedOutUser@1b1473ab]" name="Login_LockedOutUser" class="com.saucedemo.testcases.TC_Entitlement_LockedOutUser"/>
      </group> <!-- LockedOutUser -->
      <group name="PerformanceGlitchUser">
        <method signature="TC_Entitlement_PerformanceGlitchUser.PerformanceGlitchUser_Login()[pri:0, instance:com.saucedemo.testcases.TC_Entitlement_PerformanceGlitchUser@2f7c2f4f]" name="PerformanceGlitchUser_Login" class="com.saucedemo.testcases.TC_Entitlement_PerformanceGlitchUser"/>
        <method signature="TC_PerformanceGlitchUser_AddToCart.Login_PerformanceGlitchUser()[pri:0, instance:com.saucedemo.testcases.TC_PerformanceGlitchUser_AddToCart@10e92f8f]" name="Login_PerformanceGlitchUser" class="com.saucedemo.testcases.TC_PerformanceGlitchUser_AddToCart"/>
        <method signature="TC_PerformanceGlitchUser_AddToCartMultiple.PerformaceGlitchUser()[pri:0, instance:com.saucedemo.testcases.TC_PerformanceGlitchUser_AddToCartMultiple@7ce3cb8e]" name="PerformaceGlitchUser" class="com.saucedemo.testcases.TC_PerformanceGlitchUser_AddToCartMultiple"/>
        <method signature="TC_PerformanceGlitchUser_RemovingAndAddingInCart.PerformanceGlitchUser_Removing()[pri:0, instance:com.saucedemo.testcases.TC_PerformanceGlitchUser_RemovingAndAddingInCart@78b66d36]" name="PerformanceGlitchUser_Removing" class="com.saucedemo.testcases.TC_PerformanceGlitchUser_RemovingAndAddingInCart"/>
        <method signature="TC_PerformanceGlitchUser_Sort.PerformanceGlitchUser_Sort()[pri:0, instance:com.saucedemo.testcases.TC_PerformanceGlitchUser_Sort@1d119efb]" name="PerformanceGlitchUser_Sort" class="com.saucedemo.testcases.TC_PerformanceGlitchUser_Sort"/>
      </group> <!-- PerformanceGlitchUser -->
    </groups>
    <test started-at="2021-07-28T18:02:15 IST" name="Test" finished-at="2021-07-28T18:19:08 IST" duration-ms="1013463">
      <class name="com.saucedemo.testcases.TC_PerformanceGlitchUser_Sort">
        <test-method is-config="true" signature="setup(java.lang.String)[pri:0, instance:com.saucedemo.testcases.TC_PerformanceGlitchUser_Sort@1d119efb]" started-at="2021-07-28T18:17:59 IST" name="setup" finished-at="2021-07-28T18:18:07 IST" duration-ms="7639" status="PASS">
          <params>
            <param index="0">
              <value>
                <![CDATA[chrome]]>
              </value>
            </param>
          </params>
          <reporter-output>
          </reporter-output>
        </test-method> <!-- setup -->
        <test-method signature="PerformanceGlitchUser_Sort()[pri:0, instance:com.saucedemo.testcases.TC_PerformanceGlitchUser_Sort@1d119efb]" started-at="2021-07-28T18:18:07 IST" name="PerformanceGlitchUser_Sort" description="Verify whether the Sort is working for PerformanceGlitch user" finished-at="2021-07-28T18:19:07 IST" duration-ms="59839" status="PASS">
          <reporter-output>
          </reporter-output>
        </test-method> <!-- PerformanceGlitchUser_Sort -->
        <test-method is-config="true" signature="tearDown()[pri:0, instance:com.saucedemo.testcases.TC_PerformanceGlitchUser_Sort@1d119efb]" started-at="2021-07-28T18:19:07 IST" name="tearDown" finished-at="2021-07-28T18:19:08 IST" duration-ms="1460" status="PASS">
          <reporter-output>
          </reporter-output>
        </test-method> <!-- tearDown -->
      </class> <!-- com.saucedemo.testcases.TC_PerformanceGlitchUser_Sort -->
      <class name="com.saucedemo.testcases.TC_StandardUser_AddToCart">
        <test-method is-config="true" signature="setup(java.lang.String)[pri:0, instance:com.saucedemo.testcases.TC_StandardUser_AddToCart@ef9296d]" started-at="2021-07-28T18:04:46 IST" name="setup" finished-at="2021-07-28T18:04:53 IST" duration-ms="6363" status="PASS">
          <params>
            <param index="0">
              <value>
                <![CDATA[chrome]]>
              </value>
            </param>
          </params>
          <reporter-output>
          </reporter-output>
        </test-method> <!-- setup -->
        <test-method signature="Login_StandardUser()[pri:0, instance:com.saucedemo.testcases.TC_StandardUser_AddToCart@ef9296d]" started-at="2021-07-28T18:04:53 IST" name="Login_StandardUser" description="Verify whether the Standard user is able add products into cart" finished-at="2021-07-28T18:05:45 IST" duration-ms="52236" status="PASS">
          <reporter-output>
          </reporter-output>
        </test-method> <!-- Login_StandardUser -->
        <test-method is-config="true" signature="tearDown()[pri:0, instance:com.saucedemo.testcases.TC_StandardUser_AddToCart@ef9296d]" started-at="2021-07-28T18:05:45 IST" name="tearDown" finished-at="2021-07-28T18:05:50 IST" duration-ms="5197" status="PASS">
          <reporter-output>
          </reporter-output>
        </test-method> <!-- tearDown -->
      </class> <!-- com.saucedemo.testcases.TC_StandardUser_AddToCart -->
      <class name="com.saucedemo.testcases.TC_StandardUser_RemovingAndAddingInCart">
        <test-method is-config="true" signature="setup(java.lang.String)[pri:0, instance:com.saucedemo.testcases.TC_StandardUser_RemovingAndAddingInCart@7880cdf3]" started-at="2021-07-28T18:06:50 IST" name="setup" finished-at="2021-07-28T18:06:56 IST" duration-ms="5115" status="PASS">
          <params>
            <param index="0">
              <value>
                <![CDATA[chrome]]>
              </value>
            </param>
          </params>
          <reporter-output>
          </reporter-output>
        </test-method> <!-- setup -->
        <test-method signature="StandardUser_Removing()[pri:0, instance:com.saucedemo.testcases.TC_StandardUser_RemovingAndAddingInCart@7880cdf3]" started-at="2021-07-28T18:06:56 IST" name="StandardUser_Removing" description="Verify whether the Standard user is able add multiple products into cart and remove" finished-at="2021-07-28T18:07:48 IST" duration-ms="52162" status="PASS">
          <reporter-output>
          </reporter-output>
        </test-method> <!-- StandardUser_Removing -->
        <test-method is-config="true" signature="tearDown()[pri:0, instance:com.saucedemo.testcases.TC_StandardUser_RemovingAndAddingInCart@7880cdf3]" started-at="2021-07-28T18:07:48 IST" name="tearDown" finished-at="2021-07-28T18:07:49 IST" duration-ms="1706" status="PASS">
          <reporter-output>
          </reporter-output>
        </test-method> <!-- tearDown -->
      </class> <!-- com.saucedemo.testcases.TC_StandardUser_RemovingAndAddingInCart -->
      <class name="com.saucedemo.testcases.TC_ProblemUser_AddToCartMultiple">
        <test-method is-config="true" signature="setup(java.lang.String)[pri:0, instance:com.saucedemo.testcases.TC_ProblemUser_AddToCartMultiple@1c93084c]" started-at="2021-07-28T18:08:36 IST" name="setup" finished-at="2021-07-28T18:08:42 IST" duration-ms="5478" status="PASS">
          <params>
            <param index="0">
              <value>
                <![CDATA[chrome]]>
              </value>
            </param>
          </params>
          <reporter-output>
          </reporter-output>
        </test-method> <!-- setup -->
        <test-method signature="ProblemUser_Multiple()[pri:0, instance:com.saucedemo.testcases.TC_ProblemUser_AddToCartMultiple@1c93084c]" started-at="2021-07-28T18:08:42 IST" name="ProblemUser_Multiple" description="Verify whether the Problem  is able add multiple products into cart" finished-at="2021-07-28T18:09:18 IST" duration-ms="35754" status="FAIL">
          <exception class="java.lang.AssertionError">
            <message>
              <![CDATA[Cart count is not matching expected [true] but found [false]]]>
            </message>
            <full-stacktrace>
              <![CDATA[java.lang.AssertionError: Cart count is not matching expected [true] but found [false]
at org.testng.Assert.fail(Assert.java:99)
at org.testng.Assert.failNotEquals(Assert.java:1037)
at org.testng.Assert.assertTrue(Assert.java:45)
at com.saucedemo.pageObjects.Saucedemo_HomePage.verify_cartCount(Saucedemo_HomePage.java:406)
at com.saucedemo.testcases.TC_ProblemUser_AddToCartMultiple.ProblemUser_Multiple(TC_ProblemUser_AddToCartMultiple.java:52)
at java.base/jdk.internal.reflect.NativeMethodAccessorImpl.invoke0(Native Method)
at java.base/jdk.internal.reflect.NativeMethodAccessorImpl.invoke(NativeMethodAccessorImpl.java:62)
at java.base/jdk.internal.reflect.DelegatingMethodAccessorImpl.invoke(DelegatingMethodAccessorImpl.java:43)
at java.base/java.lang.reflect.Method.invoke(Method.java:567)
at org.testng.internal.MethodInvocationHelper.invokeMethod(MethodInvocationHelper.java:132)
at org.testng.internal.TestInvoker.invokeMethod(TestInvoker.java:599)
at org.testng.internal.TestInvoker.invokeTestMethod(TestInvoker.java:174)
at org.testng.internal.MethodRunner.runInSequence(MethodRunner.java:46)
at org.testng.internal.TestInvoker$MethodInvocationAgent.invoke(TestInvoker.java:822)
at org.testng.internal.TestInvoker.invokeTestMethods(TestInvoker.java:147)
at org.testng.internal.TestMethodWorker.invokeTestMethods(TestMethodWorker.java:146)
at org.testng.internal.TestMethodWorker.run(TestMethodWorker.java:128)
at java.base/java.util.ArrayList.forEach(ArrayList.java:1507)
at org.testng.TestRunner.privateRun(TestRunner.java:764)
at org.testng.TestRunner.run(TestRunner.java:585)
at org.testng.SuiteRunner.runTest(SuiteRunner.java:384)
at org.testng.SuiteRunner.runSequentially(SuiteRunner.java:378)
at org.testng.SuiteRunner.privateRun(SuiteRunner.java:337)
at org.testng.SuiteRunner.run(SuiteRunner.java:286)
at org.testng.SuiteRunnerWorker.runSuite(SuiteRunnerWorker.java:53)
at org.testng.SuiteRunnerWorker.run(SuiteRunnerWorker.java:96)
at org.testng.TestNG.runSuitesSequentially(TestNG.java:1218)
at org.testng.TestNG.runSuitesLocally(TestNG.java:1140)
at org.testng.TestNG.runSuites(TestNG.java:1069)
at org.testng.TestNG.run(TestNG.java:1037)
at org.testng.remote.AbstractRemoteTestNG.run(AbstractRemoteTestNG.java:115)
at org.testng.remote.RemoteTestNG.initAndRun(RemoteTestNG.java:251)
at org.testng.remote.RemoteTestNG.main(RemoteTestNG.java:77)
]]>
            </full-stacktrace>
          </exception> <!-- java.lang.AssertionError -->
          <reporter-output>
          </reporter-output>
        </test-method> <!-- ProblemUser_Multiple -->
        <test-method is-config="true" signature="tearDown()[pri:0, instance:com.saucedemo.testcases.TC_ProblemUser_AddToCartMultiple@1c93084c]" started-at="2021-07-28T18:09:18 IST" name="tearDown" finished-at="2021-07-28T18:09:19 IST" duration-ms="1532" status="PASS">
          <reporter-output>
          </reporter-output>
        </test-method> <!-- tearDown -->
      </class> <!-- com.saucedemo.testcases.TC_ProblemUser_AddToCartMultiple -->
      <class name="com.saucedemo.testcases.TC_ProblemUser_RemovingAndAddingInCart">
        <test-method is-config="true" signature="setup(java.lang.String)[pri:0, instance:com.saucedemo.testcases.TC_ProblemUser_RemovingAndAddingInCart@6ef888f6]" started-at="2021-07-28T18:09:19 IST" name="setup" finished-at="2021-07-28T18:09:25 IST" duration-ms="5723" status="PASS">
          <params>
            <param index="0">
              <value>
                <![CDATA[chrome]]>
              </value>
            </param>
          </params>
          <reporter-output>
          </reporter-output>
        </test-method> <!-- setup -->
        <test-method signature="Problemuser_Removing()[pri:0, instance:com.saucedemo.testcases.TC_ProblemUser_RemovingAndAddingInCart@6ef888f6]" started-at="2021-07-28T18:09:25 IST" name="Problemuser_Removing" description="Verify whether the Problem user is able add multiple products into cart and remove" finished-at="2021-07-28T18:10:01 IST" duration-ms="35769" status="FAIL">
          <exception class="java.lang.AssertionError">
            <message>
              <![CDATA[Not Matching expected [true] but found [false]]]>
            </message>
            <full-stacktrace>
              <![CDATA[java.lang.AssertionError: Not Matching expected [true] but found [false]
at org.testng.Assert.fail(Assert.java:99)
at org.testng.Assert.failNotEquals(Assert.java:1037)
at org.testng.Assert.assertTrue(Assert.java:45)
at com.saucedemo.pageObjects.Saucedemo_Cart.verify_SelectedProductsAreShowing(Saucedemo_Cart.java:60)
at com.saucedemo.testcases.TC_ProblemUser_RemovingAndAddingInCart.Problemuser_Removing(TC_ProblemUser_RemovingAndAddingInCart.java:57)
at java.base/jdk.internal.reflect.NativeMethodAccessorImpl.invoke0(Native Method)
at java.base/jdk.internal.reflect.NativeMethodAccessorImpl.invoke(NativeMethodAccessorImpl.java:62)
at java.base/jdk.internal.reflect.DelegatingMethodAccessorImpl.invoke(DelegatingMethodAccessorImpl.java:43)
at java.base/java.lang.reflect.Method.invoke(Method.java:567)
at org.testng.internal.MethodInvocationHelper.invokeMethod(MethodInvocationHelper.java:132)
at org.testng.internal.TestInvoker.invokeMethod(TestInvoker.java:599)
at org.testng.internal.TestInvoker.invokeTestMethod(TestInvoker.java:174)
at org.testng.internal.MethodRunner.runInSequence(MethodRunner.java:46)
at org.testng.internal.TestInvoker$MethodInvocationAgent.invoke(TestInvoker.java:822)
at org.testng.internal.TestInvoker.invokeTestMethods(TestInvoker.java:147)
at org.testng.internal.TestMethodWorker.invokeTestMethods(TestMethodWorker.java:146)
at org.testng.internal.TestMethodWorker.run(TestMethodWorker.java:128)
at java.base/java.util.ArrayList.forEach(ArrayList.java:1507)
at org.testng.TestRunner.privateRun(TestRunner.java:764)
at org.testng.TestRunner.run(TestRunner.java:585)
at org.testng.SuiteRunner.runTest(SuiteRunner.java:384)
at org.testng.SuiteRunner.runSequentially(SuiteRunner.java:378)
at org.testng.SuiteRunner.privateRun(SuiteRunner.java:337)
at org.testng.SuiteRunner.run(SuiteRunner.java:286)
at org.testng.SuiteRunnerWorker.runSuite(SuiteRunnerWorker.java:53)
at org.testng.SuiteRunnerWorker.run(SuiteRunnerWorker.java:96)
at org.testng.TestNG.runSuitesSequentially(TestNG.java:1218)
at org.testng.TestNG.runSuitesLocally(TestNG.java:1140)
at org.testng.TestNG.runSuites(TestNG.java:1069)
at org.testng.TestNG.run(TestNG.java:1037)
at org.testng.remote.AbstractRemoteTestNG.run(AbstractRemoteTestNG.java:115)
at org.testng.remote.RemoteTestNG.initAndRun(RemoteTestNG.java:251)
at org.testng.remote.RemoteTestNG.main(RemoteTestNG.java:77)
]]>
            </full-stacktrace>
          </exception> <!-- java.lang.AssertionError -->
          <reporter-output>
          </reporter-output>
        </test-method> <!-- Problemuser_Removing -->
        <test-method is-config="true" signature="tearDown()[pri:0, instance:com.saucedemo.testcases.TC_ProblemUser_RemovingAndAddingInCart@6ef888f6]" started-at="2021-07-28T18:10:01 IST" name="tearDown" finished-at="2021-07-28T18:10:02 IST" duration-ms="1732" status="PASS">
          <reporter-output>
          </reporter-output>
        </test-method> <!-- tearDown -->
      </class> <!-- com.saucedemo.testcases.TC_ProblemUser_RemovingAndAddingInCart -->
      <class name="com.saucedemo.testcases.TC_ProblemUser_AddToCart">
        <test-method is-config="true" signature="setup(java.lang.String)[pri:0, instance:com.saucedemo.testcases.TC_ProblemUser_AddToCart@5be6e01c]" started-at="2021-07-28T18:07:49 IST" name="setup" finished-at="2021-07-28T18:07:56 IST" duration-ms="6790" status="PASS">
          <params>
            <param index="0">
              <value>
                <![CDATA[chrome]]>
              </value>
            </param>
          </params>
          <reporter-output>
          </reporter-output>
        </test-method> <!-- setup -->
        <test-method signature="ProblemUserAddToCart()[pri:0, instance:com.saucedemo.testcases.TC_ProblemUser_AddToCart@5be6e01c]" started-at="2021-07-28T18:07:56 IST" name="ProblemUserAddToCart" description="Verify whether the Problem user is able add products into cart" finished-at="2021-07-28T18:08:34 IST" duration-ms="37645" status="FAIL">
          <exception class="java.lang.AssertionError">
            <message>
              <![CDATA[Error: Last Name is required expected [true] but found [false]]]>
            </message>
            <full-stacktrace>
              <![CDATA[java.lang.AssertionError: Error: Last Name is required expected [true] but found [false]
at org.testng.Assert.fail(Assert.java:99)
at org.testng.Assert.failNotEquals(Assert.java:1037)
at org.testng.Assert.assertTrue(Assert.java:45)
at com.saucedemo.pageObjects.Saucedemo_CheckOut.verify_ErrorMsg(Saucedemo_CheckOut.java:58)
at com.saucedemo.testcases.TC_ProblemUser_AddToCart.ProblemUserAddToCart(TC_ProblemUser_AddToCart.java:67)
at java.base/jdk.internal.reflect.NativeMethodAccessorImpl.invoke0(Native Method)
at java.base/jdk.internal.reflect.NativeMethodAccessorImpl.invoke(NativeMethodAccessorImpl.java:62)
at java.base/jdk.internal.reflect.DelegatingMethodAccessorImpl.invoke(DelegatingMethodAccessorImpl.java:43)
at java.base/java.lang.reflect.Method.invoke(Method.java:567)
at org.testng.internal.MethodInvocationHelper.invokeMethod(MethodInvocationHelper.java:132)
at org.testng.internal.TestInvoker.invokeMethod(TestInvoker.java:599)
at org.testng.internal.TestInvoker.invokeTestMethod(TestInvoker.java:174)
at org.testng.internal.MethodRunner.runInSequence(MethodRunner.java:46)
at org.testng.internal.TestInvoker$MethodInvocationAgent.invoke(TestInvoker.java:822)
at org.testng.internal.TestInvoker.invokeTestMethods(TestInvoker.java:147)
at org.testng.internal.TestMethodWorker.invokeTestMethods(TestMethodWorker.java:146)
at org.testng.internal.TestMethodWorker.run(TestMethodWorker.java:128)
at java.base/java.util.ArrayList.forEach(ArrayList.java:1507)
at org.testng.TestRunner.privateRun(TestRunner.java:764)
at org.testng.TestRunner.run(TestRunner.java:585)
at org.testng.SuiteRunner.runTest(SuiteRunner.java:384)
at org.testng.SuiteRunner.runSequentially(SuiteRunner.java:378)
at org.testng.SuiteRunner.privateRun(SuiteRunner.java:337)
at org.testng.SuiteRunner.run(SuiteRunner.java:286)
at org.testng.SuiteRunnerWorker.runSuite(SuiteRunnerWorker.java:53)
at org.testng.SuiteRunnerWorker.run(SuiteRunnerWorker.java:96)
at org.testng.TestNG.runSuitesSequentially(TestNG.java:1218)
at org.testng.TestNG.runSuitesLocally(TestNG.java:1140)
at org.testng.TestNG.runSuites(TestNG.java:1069)
at org.testng.TestNG.run(TestNG.java:1037)
at org.testng.remote.AbstractRemoteTestNG.run(AbstractRemoteTestNG.java:115)
at org.testng.remote.RemoteTestNG.initAndRun(RemoteTestNG.java:251)
at org.testng.remote.RemoteTestNG.main(RemoteTestNG.java:77)
]]>
            </full-stacktrace>
          </exception> <!-- java.lang.AssertionError -->
          <reporter-output>
          </reporter-output>
        </test-method> <!-- ProblemUserAddToCart -->
        <test-method is-config="true" signature="tearDown()[pri:0, instance:com.saucedemo.testcases.TC_ProblemUser_AddToCart@5be6e01c]" started-at="2021-07-28T18:08:34 IST" name="tearDown" finished-at="2021-07-28T18:08:36 IST" duration-ms="2310" status="PASS">
          <reporter-output>
          </reporter-output>
        </test-method> <!-- tearDown -->
      </class> <!-- com.saucedemo.testcases.TC_ProblemUser_AddToCart -->
      <class name="com.saucedemo.testcases.TC_Entitlement_LockedOutUser">
        <test-method is-config="true" signature="setup(java.lang.String)[pri:0, instance:com.saucedemo.testcases.TC_Entitlement_LockedOutUser@1b1473ab]" started-at="2021-07-28T18:03:06 IST" name="setup" finished-at="2021-07-28T18:03:11 IST" duration-ms="5195" status="PASS">
          <params>
            <param index="0">
              <value>
                <![CDATA[chrome]]>
              </value>
            </param>
          </params>
          <reporter-output>
          </reporter-output>
        </test-method> <!-- setup -->
        <test-method signature="Login_LockedOutUser()[pri:0, instance:com.saucedemo.testcases.TC_Entitlement_LockedOutUser@1b1473ab]" started-at="2021-07-28T18:03:11 IST" name="Login_LockedOutUser" description="Verify whether the Locked Out user is able not to login" finished-at="2021-07-28T18:03:16 IST" duration-ms="4720" status="PASS">
          <reporter-output>
          </reporter-output>
        </test-method> <!-- Login_LockedOutUser -->
        <test-method is-config="true" signature="tearDown()[pri:0, instance:com.saucedemo.testcases.TC_Entitlement_LockedOutUser@1b1473ab]" started-at="2021-07-28T18:03:16 IST" name="tearDown" finished-at="2021-07-28T18:03:17 IST" duration-ms="1536" status="PASS">
          <reporter-output>
          </reporter-output>
        </test-method> <!-- tearDown -->
      </class> <!-- com.saucedemo.testcases.TC_Entitlement_LockedOutUser -->
      <class name="com.saucedemo.testcases.TC_Entitlement_PerformanceGlitchUser">
        <test-method is-config="true" signature="setup(java.lang.String)[pri:0, instance:com.saucedemo.testcases.TC_Entitlement_PerformanceGlitchUser@2f7c2f4f]" started-at="2021-07-28T18:03:17 IST" name="setup" finished-at="2021-07-28T18:03:22 IST" duration-ms="4880" status="PASS">
          <params>
            <param index="0">
              <value>
                <![CDATA[chrome]]>
              </value>
            </param>
          </params>
          <reporter-output>
          </reporter-output>
        </test-method> <!-- setup -->
        <test-method signature="PerformanceGlitchUser_Login()[pri:0, instance:com.saucedemo.testcases.TC_Entitlement_PerformanceGlitchUser@2f7c2f4f]" started-at="2021-07-28T18:03:22 IST" name="PerformanceGlitchUser_Login" description="Verify whether the Performance Glitch user is able to login successfuly" finished-at="2021-07-28T18:04:03 IST" duration-ms="40586" status="PASS">
          <reporter-output>
          </reporter-output>
        </test-method> <!-- PerformanceGlitchUser_Login -->
        <test-method is-config="true" signature="tearDown()[pri:0, instance:com.saucedemo.testcases.TC_Entitlement_PerformanceGlitchUser@2f7c2f4f]" started-at="2021-07-28T18:04:03 IST" name="tearDown" finished-at="2021-07-28T18:04:05 IST" duration-ms="1758" status="PASS">
          <reporter-output>
          </reporter-output>
        </test-method> <!-- tearDown -->
      </class> <!-- com.saucedemo.testcases.TC_Entitlement_PerformanceGlitchUser -->
      <class name="com.saucedemo.testcases.TC_Entitlement_StandardUser">
        <test-method is-config="true" signature="setup(java.lang.String)[pri:0, instance:com.saucedemo.testcases.TC_Entitlement_StandardUser@149e0f5d]" started-at="2021-07-28T18:02:17 IST" name="setup" finished-at="2021-07-28T18:02:26 IST" duration-ms="9007" status="PASS">
          <params>
            <param index="0">
              <value>
                <![CDATA[chrome]]>
              </value>
            </param>
          </params>
          <reporter-output>
          </reporter-output>
        </test-method> <!-- setup -->
        <test-method signature="Login_StandardUser()[pri:0, instance:com.saucedemo.testcases.TC_Entitlement_StandardUser@149e0f5d]" started-at="2021-07-28T18:02:26 IST" name="Login_StandardUser" description="Verify whether the Standard user is able to login successfuly" finished-at="2021-07-28T18:03:04 IST" duration-ms="37701" status="PASS">
          <reporter-output>
          </reporter-output>
        </test-method> <!-- Login_StandardUser -->
        <test-method is-config="true" signature="tearDown()[pri:0, instance:com.saucedemo.testcases.TC_Entitlement_StandardUser@149e0f5d]" started-at="2021-07-28T18:03:04 IST" name="tearDown" finished-at="2021-07-28T18:03:06 IST" duration-ms="1756" status="PASS">
          <reporter-output>
          </reporter-output>
        </test-method> <!-- tearDown -->
      </class> <!-- com.saucedemo.testcases.TC_Entitlement_StandardUser -->
      <class name="com.saucedemo.testcases.TC_Entitlement_ProblemUser">
        <test-method is-config="true" signature="setup(java.lang.String)[pri:0, instance:com.saucedemo.testcases.TC_Entitlement_ProblemUser@6af93788]" started-at="2021-07-28T18:04:05 IST" name="setup" finished-at="2021-07-28T18:04:10 IST" duration-ms="5886" status="PASS">
          <params>
            <param index="0">
              <value>
                <![CDATA[chrome]]>
              </value>
            </param>
          </params>
          <reporter-output>
          </reporter-output>
        </test-method> <!-- setup -->
        <test-method signature="ProblemUser_Login()[pri:0, instance:com.saucedemo.testcases.TC_Entitlement_ProblemUser@6af93788]" started-at="2021-07-28T18:04:10 IST" name="ProblemUser_Login" description="Verify whether the Problem user is able to login successfuly" finished-at="2021-07-28T18:04:45 IST" duration-ms="34253" status="PASS">
          <reporter-output>
          </reporter-output>
        </test-method> <!-- ProblemUser_Login -->
        <test-method is-config="true" signature="tearDown()[pri:0, instance:com.saucedemo.testcases.TC_Entitlement_ProblemUser@6af93788]" started-at="2021-07-28T18:04:45 IST" name="tearDown" finished-at="2021-07-28T18:04:46 IST" duration-ms="1462" status="PASS">
          <reporter-output>
          </reporter-output>
        </test-method> <!-- tearDown -->
      </class> <!-- com.saucedemo.testcases.TC_Entitlement_ProblemUser -->
      <class name="com.saucedemo.testcases.TC_NegativeCase_EmptyCart">
        <test-method is-config="true" signature="setup(java.lang.String)[pri:0, instance:com.saucedemo.testcases.TC_NegativeCase_EmptyCart@69b2283a]" started-at="2021-07-28T18:15:07 IST" name="setup" finished-at="2021-07-28T18:15:12 IST" duration-ms="4775" status="PASS">
          <params>
            <param index="0">
              <value>
                <![CDATA[chrome]]>
              </value>
            </param>
          </params>
          <reporter-output>
          </reporter-output>
        </test-method> <!-- setup -->
        <test-method signature="EmptyCart()[pri:0, instance:com.saucedemo.testcases.TC_NegativeCase_EmptyCart@69b2283a]" started-at="2021-07-28T18:15:12 IST" name="EmptyCart" description="Verify whether the user is able proceed order without adding products into cart" finished-at="2021-07-28T18:16:27 IST" duration-ms="75230" status="FAIL">
          <exception class="java.lang.AssertionError">
            <message>
              <![CDATA[Cart is Empty expected [true] but found [false]]]>
            </message>
            <full-stacktrace>
              <![CDATA[java.lang.AssertionError: Cart is Empty expected [true] but found [false]
at org.testng.Assert.fail(Assert.java:99)
at org.testng.Assert.failNotEquals(Assert.java:1037)
at org.testng.Assert.assertTrue(Assert.java:45)
at com.saucedemo.pageObjects.Saucedemo_Cart.click_checkOut(Saucedemo_Cart.java:26)
at com.saucedemo.testcases.TC_NegativeCase_EmptyCart.EmptyCart(TC_NegativeCase_EmptyCart.java:58)
at java.base/jdk.internal.reflect.NativeMethodAccessorImpl.invoke0(Native Method)
at java.base/jdk.internal.reflect.NativeMethodAccessorImpl.invoke(NativeMethodAccessorImpl.java:62)
at java.base/jdk.internal.reflect.DelegatingMethodAccessorImpl.invoke(DelegatingMethodAccessorImpl.java:43)
at java.base/java.lang.reflect.Method.invoke(Method.java:567)
at org.testng.internal.MethodInvocationHelper.invokeMethod(MethodInvocationHelper.java:132)
at org.testng.internal.TestInvoker.invokeMethod(TestInvoker.java:599)
at org.testng.internal.TestInvoker.invokeTestMethod(TestInvoker.java:174)
at org.testng.internal.MethodRunner.runInSequence(MethodRunner.java:46)
at org.testng.internal.TestInvoker$MethodInvocationAgent.invoke(TestInvoker.java:822)
at org.testng.internal.TestInvoker.invokeTestMethods(TestInvoker.java:147)
at org.testng.internal.TestMethodWorker.invokeTestMethods(TestMethodWorker.java:146)
at org.testng.internal.TestMethodWorker.run(TestMethodWorker.java:128)
at java.base/java.util.ArrayList.forEach(ArrayList.java:1507)
at org.testng.TestRunner.privateRun(TestRunner.java:764)
at org.testng.TestRunner.run(TestRunner.java:585)
at org.testng.SuiteRunner.runTest(SuiteRunner.java:384)
at org.testng.SuiteRunner.runSequentially(SuiteRunner.java:378)
at org.testng.SuiteRunner.privateRun(SuiteRunner.java:337)
at org.testng.SuiteRunner.run(SuiteRunner.java:286)
at org.testng.SuiteRunnerWorker.runSuite(SuiteRunnerWorker.java:53)
at org.testng.SuiteRunnerWorker.run(SuiteRunnerWorker.java:96)
at org.testng.TestNG.runSuitesSequentially(TestNG.java:1218)
at org.testng.TestNG.runSuitesLocally(TestNG.java:1140)
at org.testng.TestNG.runSuites(TestNG.java:1069)
at org.testng.TestNG.run(TestNG.java:1037)
at org.testng.remote.AbstractRemoteTestNG.run(AbstractRemoteTestNG.java:115)
at org.testng.remote.RemoteTestNG.initAndRun(RemoteTestNG.java:251)
at org.testng.remote.RemoteTestNG.main(RemoteTestNG.java:77)
]]>
            </full-stacktrace>
          </exception> <!-- java.lang.AssertionError -->
          <reporter-output>
          </reporter-output>
        </test-method> <!-- EmptyCart -->
        <test-method is-config="true" signature="tearDown()[pri:0, instance:com.saucedemo.testcases.TC_NegativeCase_EmptyCart@69b2283a]" started-at="2021-07-28T18:16:27 IST" name="tearDown" finished-at="2021-07-28T18:16:29 IST" duration-ms="1551" status="PASS">
          <reporter-output>
          </reporter-output>
        </test-method> <!-- tearDown -->
      </class> <!-- com.saucedemo.testcases.TC_NegativeCase_EmptyCart -->
      <class name="com.saucedemo.testcases.TC_NegativeCase_CheckOut">
        <test-method is-config="true" signature="setup(java.lang.String)[pri:0, instance:com.saucedemo.testcases.TC_NegativeCase_CheckOut@bef2d72]" started-at="2021-07-28T18:13:51 IST" name="setup" finished-at="2021-07-28T18:13:56 IST" duration-ms="4648" status="PASS">
          <params>
            <param index="0">
              <value>
                <![CDATA[chrome]]>
              </value>
            </param>
          </params>
          <reporter-output>
          </reporter-output>
        </test-method> <!-- setup -->
        <test-method signature="StandardUser_CheckOut_NegativeCases()[pri:0, instance:com.saucedemo.testcases.TC_NegativeCase_CheckOut@bef2d72]" started-at="2021-07-28T18:13:56 IST" name="StandardUser_CheckOut_NegativeCases" description="Verify whether the checkout page is accepting invalid/empty values." finished-at="2021-07-28T18:15:05 IST" duration-ms="69950" status="FAIL">
          <exception class="java.lang.AssertionError">
            <message>
              <![CDATA[Error Message is not Showing expected [true] but found [false]]]>
            </message>
            <full-stacktrace>
              <![CDATA[java.lang.AssertionError: Error Message is not Showing expected [true] but found [false]
at org.testng.Assert.fail(Assert.java:99)
at org.testng.Assert.failNotEquals(Assert.java:1037)
at org.testng.Assert.assertTrue(Assert.java:45)
at com.saucedemo.pageObjects.Saucedemo_CheckOut.verify_CheckOutErrorMsg(Saucedemo_CheckOut.java:75)
at com.saucedemo.testcases.TC_NegativeCase_CheckOut.StandardUser_CheckOut_NegativeCases(TC_NegativeCase_CheckOut.java:127)
at java.base/jdk.internal.reflect.NativeMethodAccessorImpl.invoke0(Native Method)
at java.base/jdk.internal.reflect.NativeMethodAccessorImpl.invoke(NativeMethodAccessorImpl.java:62)
at java.base/jdk.internal.reflect.DelegatingMethodAccessorImpl.invoke(DelegatingMethodAccessorImpl.java:43)
at java.base/java.lang.reflect.Method.invoke(Method.java:567)
at org.testng.internal.MethodInvocationHelper.invokeMethod(MethodInvocationHelper.java:132)
at org.testng.internal.TestInvoker.invokeMethod(TestInvoker.java:599)
at org.testng.internal.TestInvoker.invokeTestMethod(TestInvoker.java:174)
at org.testng.internal.MethodRunner.runInSequence(MethodRunner.java:46)
at org.testng.internal.TestInvoker$MethodInvocationAgent.invoke(TestInvoker.java:822)
at org.testng.internal.TestInvoker.invokeTestMethods(TestInvoker.java:147)
at org.testng.internal.TestMethodWorker.invokeTestMethods(TestMethodWorker.java:146)
at org.testng.internal.TestMethodWorker.run(TestMethodWorker.java:128)
at java.base/java.util.ArrayList.forEach(ArrayList.java:1507)
at org.testng.TestRunner.privateRun(TestRunner.java:764)
at org.testng.TestRunner.run(TestRunner.java:585)
at org.testng.SuiteRunner.runTest(SuiteRunner.java:384)
at org.testng.SuiteRunner.runSequentially(SuiteRunner.java:378)
at org.testng.SuiteRunner.privateRun(SuiteRunner.java:337)
at org.testng.SuiteRunner.run(SuiteRunner.java:286)
at org.testng.SuiteRunnerWorker.runSuite(SuiteRunnerWorker.java:53)
at org.testng.SuiteRunnerWorker.run(SuiteRunnerWorker.java:96)
at org.testng.TestNG.runSuitesSequentially(TestNG.java:1218)
at org.testng.TestNG.runSuitesLocally(TestNG.java:1140)
at org.testng.TestNG.runSuites(TestNG.java:1069)
at org.testng.TestNG.run(TestNG.java:1037)
at org.testng.remote.AbstractRemoteTestNG.run(AbstractRemoteTestNG.java:115)
at org.testng.remote.RemoteTestNG.initAndRun(RemoteTestNG.java:251)
at org.testng.remote.RemoteTestNG.main(RemoteTestNG.java:77)
]]>
            </full-stacktrace>
          </exception> <!-- java.lang.AssertionError -->
          <reporter-output>
          </reporter-output>
        </test-method> <!-- StandardUser_CheckOut_NegativeCases -->
        <test-method is-config="true" signature="tearDown()[pri:0, instance:com.saucedemo.testcases.TC_NegativeCase_CheckOut@bef2d72]" started-at="2021-07-28T18:15:05 IST" name="tearDown" finished-at="2021-07-28T18:15:07 IST" duration-ms="1491" status="PASS">
          <reporter-output>
          </reporter-output>
        </test-method> <!-- tearDown -->
      </class> <!-- com.saucedemo.testcases.TC_NegativeCase_CheckOut -->
      <class name="com.saucedemo.testcases.TC_StandadUser_AddToCartMultiple">
        <test-method is-config="true" signature="setup(java.lang.String)[pri:0, instance:com.saucedemo.testcases.TC_StandadUser_AddToCartMultiple@36c88a32]" started-at="2021-07-28T18:05:50 IST" name="setup" finished-at="2021-07-28T18:05:56 IST" duration-ms="6421" status="PASS">
          <params>
            <param index="0">
              <value>
                <![CDATA[chrome]]>
              </value>
            </param>
          </params>
          <reporter-output>
          </reporter-output>
        </test-method> <!-- setup -->
        <test-method signature="StandardUser_Multiple()[pri:0, instance:com.saucedemo.testcases.TC_StandadUser_AddToCartMultiple@36c88a32]" started-at="2021-07-28T18:05:56 IST" name="StandardUser_Multiple" description="Verify whether the Standard user is able add multiple products into cart" finished-at="2021-07-28T18:06:48 IST" duration-ms="52130" status="PASS">
          <reporter-output>
          </reporter-output>
        </test-method> <!-- StandardUser_Multiple -->
        <test-method is-config="true" signature="tearDown()[pri:0, instance:com.saucedemo.testcases.TC_StandadUser_AddToCartMultiple@36c88a32]" started-at="2021-07-28T18:06:49 IST" name="tearDown" finished-at="2021-07-28T18:06:50 IST" duration-ms="1993" status="PASS">
          <reporter-output>
          </reporter-output>
        </test-method> <!-- tearDown -->
      </class> <!-- com.saucedemo.testcases.TC_StandadUser_AddToCartMultiple -->
      <class name="com.saucedemo.testcases.TC_NegativeCase_Login">
        <test-method is-config="true" signature="setup(java.lang.String)[pri:0, instance:com.saucedemo.testcases.TC_NegativeCase_Login@5223e5ee]" started-at="2021-07-28T18:13:35 IST" name="setup" finished-at="2021-07-28T18:13:40 IST" duration-ms="4814" status="PASS">
          <params>
            <param index="0">
              <value>
                <![CDATA[chrome]]>
              </value>
            </param>
          </params>
          <reporter-output>
          </reporter-output>
        </test-method> <!-- setup -->
        <test-method signature="LoginNegativeCase()[pri:0, instance:com.saucedemo.testcases.TC_NegativeCase_Login@5223e5ee]" started-at="2021-07-28T18:13:40 IST" name="LoginNegativeCase" description="Verify whether the Fields accepting invalid values" finished-at="2021-07-28T18:13:49 IST" duration-ms="8631" status="PASS">
          <reporter-output>
          </reporter-output>
        </test-method> <!-- LoginNegativeCase -->
        <test-method is-config="true" signature="tearDown()[pri:0, instance:com.saucedemo.testcases.TC_NegativeCase_Login@5223e5ee]" started-at="2021-07-28T18:13:49 IST" name="tearDown" finished-at="2021-07-28T18:13:51 IST" duration-ms="2231" status="PASS">
          <reporter-output>
          </reporter-output>
        </test-method> <!-- tearDown -->
      </class> <!-- com.saucedemo.testcases.TC_NegativeCase_Login -->
      <class name="com.saucedemo.testcases.TC_PerformanceGlitchUser_AddToCartMultiple">
        <test-method is-config="true" signature="setup(java.lang.String)[pri:0, instance:com.saucedemo.testcases.TC_PerformanceGlitchUser_AddToCartMultiple@7ce3cb8e]" started-at="2021-07-28T18:11:17 IST" name="setup" finished-at="2021-07-28T18:11:23 IST" duration-ms="6268" status="PASS">
          <params>
            <param index="0">
              <value>
                <![CDATA[chrome]]>
              </value>
            </param>
          </params>
          <reporter-output>
          </reporter-output>
        </test-method> <!-- setup -->
        <test-method signature="PerformaceGlitchUser()[pri:0, instance:com.saucedemo.testcases.TC_PerformanceGlitchUser_AddToCartMultiple@7ce3cb8e]" started-at="2021-07-28T18:11:23 IST" name="PerformaceGlitchUser" description="Verify whether the Performance Glitch user is able add products into cart" finished-at="2021-07-28T18:12:25 IST" duration-ms="62047" status="PASS">
          <reporter-output>
          </reporter-output>
        </test-method> <!-- PerformaceGlitchUser -->
        <test-method is-config="true" signature="tearDown()[pri:0, instance:com.saucedemo.testcases.TC_PerformanceGlitchUser_AddToCartMultiple@7ce3cb8e]" started-at="2021-07-28T18:12:25 IST" name="tearDown" finished-at="2021-07-28T18:12:27 IST" duration-ms="1929" status="PASS">
          <reporter-output>
          </reporter-output>
        </test-method> <!-- tearDown -->
      </class> <!-- com.saucedemo.testcases.TC_PerformanceGlitchUser_AddToCartMultiple -->
      <class name="com.saucedemo.testcases.TC_PerformanceGlitchUser_AddToCart">
        <test-method is-config="true" signature="setup(java.lang.String)[pri:0, instance:com.saucedemo.testcases.TC_PerformanceGlitchUser_AddToCart@10e92f8f]" started-at="2021-07-28T18:10:02 IST" name="setup" finished-at="2021-07-28T18:10:08 IST" duration-ms="5793" status="PASS">
          <params>
            <param index="0">
              <value>
                <![CDATA[chrome]]>
              </value>
            </param>
          </params>
          <reporter-output>
          </reporter-output>
        </test-method> <!-- setup -->
        <test-method signature="Login_PerformanceGlitchUser()[pri:0, instance:com.saucedemo.testcases.TC_PerformanceGlitchUser_AddToCart@10e92f8f]" started-at="2021-07-28T18:10:08 IST" name="Login_PerformanceGlitchUser" description="Verify whether the Performance Glitch user is able add products into cart" finished-at="2021-07-28T18:11:15 IST" duration-ms="66536" status="PASS">
          <reporter-output>
          </reporter-output>
        </test-method> <!-- Login_PerformanceGlitchUser -->
        <test-method is-config="true" signature="tearDown()[pri:0, instance:com.saucedemo.testcases.TC_PerformanceGlitchUser_AddToCart@10e92f8f]" started-at="2021-07-28T18:11:15 IST" name="tearDown" finished-at="2021-07-28T18:11:17 IST" duration-ms="2410" status="PASS">
          <reporter-output>
          </reporter-output>
        </test-method> <!-- tearDown -->
      </class> <!-- com.saucedemo.testcases.TC_PerformanceGlitchUser_AddToCart -->
      <class name="com.saucedemo.testcases.TC_PerformanceGlitchUser_RemovingAndAddingInCart">
        <test-method is-config="true" signature="setup(java.lang.String)[pri:0, instance:com.saucedemo.testcases.TC_PerformanceGlitchUser_RemovingAndAddingInCart@78b66d36]" started-at="2021-07-28T18:12:27 IST" name="setup" finished-at="2021-07-28T18:12:32 IST" duration-ms="4572" status="PASS">
          <params>
            <param index="0">
              <value>
                <![CDATA[chrome]]>
              </value>
            </param>
          </params>
          <reporter-output>
          </reporter-output>
        </test-method> <!-- setup -->
        <test-method signature="PerformanceGlitchUser_Removing()[pri:0, instance:com.saucedemo.testcases.TC_PerformanceGlitchUser_RemovingAndAddingInCart@78b66d36]" started-at="2021-07-28T18:12:32 IST" name="PerformanceGlitchUser_Removing" description="Verify whether the PerformanceGlitch user is able add multiple products into cart and remove" finished-at="2021-07-28T18:13:34 IST" duration-ms="61729" status="PASS">
          <reporter-output>
          </reporter-output>
        </test-method> <!-- PerformanceGlitchUser_Removing -->
        <test-method is-config="true" signature="tearDown()[pri:0, instance:com.saucedemo.testcases.TC_PerformanceGlitchUser_RemovingAndAddingInCart@78b66d36]" started-at="2021-07-28T18:13:34 IST" name="tearDown" finished-at="2021-07-28T18:13:35 IST" duration-ms="1531" status="PASS">
          <reporter-output>
          </reporter-output>
        </test-method> <!-- tearDown -->
      </class> <!-- com.saucedemo.testcases.TC_PerformanceGlitchUser_RemovingAndAddingInCart -->
      <class name="com.saucedemo.testcases.TC_StandardUser_Sort">
        <test-method is-config="true" signature="setup(java.lang.String)[pri:0, instance:com.saucedemo.testcases.TC_StandardUser_Sort@22a637e7]" started-at="2021-07-28T18:16:29 IST" name="setup" finished-at="2021-07-28T18:16:32 IST" duration-ms="3186" status="PASS">
          <params>
            <param index="0">
              <value>
                <![CDATA[chrome]]>
              </value>
            </param>
          </params>
          <reporter-output>
          </reporter-output>
        </test-method> <!-- setup -->
        <test-method signature="StandardUser_Sort()[pri:0, instance:com.saucedemo.testcases.TC_StandardUser_Sort@22a637e7]" started-at="2021-07-28T18:16:32 IST" name="StandardUser_Sort" description="Verify whether the Sort is working for Standard user" finished-at="2021-07-28T18:17:14 IST" duration-ms="41890" status="PASS">
          <reporter-output>
          </reporter-output>
        </test-method> <!-- StandardUser_Sort -->
        <test-method is-config="true" signature="tearDown()[pri:0, instance:com.saucedemo.testcases.TC_StandardUser_Sort@22a637e7]" started-at="2021-07-28T18:17:14 IST" name="tearDown" finished-at="2021-07-28T18:17:15 IST" duration-ms="1442" status="PASS">
          <reporter-output>
          </reporter-output>
        </test-method> <!-- tearDown -->
      </class> <!-- com.saucedemo.testcases.TC_StandardUser_Sort -->
      <class name="com.saucedemo.testcases.TC_ProblemUser_Sort">
        <test-method is-config="true" signature="setup(java.lang.String)[pri:0, instance:com.saucedemo.testcases.TC_ProblemUser_Sort@6fe7aac8]" started-at="2021-07-28T18:17:15 IST" name="setup" finished-at="2021-07-28T18:17:19 IST" duration-ms="4082" status="PASS">
          <params>
            <param index="0">
              <value>
                <![CDATA[chrome]]>
              </value>
            </param>
          </params>
          <reporter-output>
          </reporter-output>
        </test-method> <!-- setup -->
        <test-method signature="ProblemUser_Sort()[pri:0, instance:com.saucedemo.testcases.TC_ProblemUser_Sort@6fe7aac8]" started-at="2021-07-28T18:17:19 IST" name="ProblemUser_Sort" description="Verify whether the Sort is working for Problem user" finished-at="2021-07-28T18:17:57 IST" duration-ms="38167" status="FAIL">
          <exception class="java.lang.AssertionError">
            <message>
              <![CDATA[Sort is not working for low to high expected [true] but found [false]]]>
            </message>
            <full-stacktrace>
              <![CDATA[java.lang.AssertionError: Sort is not working for low to high expected [true] but found [false]
at org.testng.Assert.fail(Assert.java:99)
at org.testng.Assert.failNotEquals(Assert.java:1037)
at org.testng.Assert.assertTrue(Assert.java:45)
at com.saucedemo.pageObjects.Saucedemo_HomePage.Select_Filter(Saucedemo_HomePage.java:139)
at com.saucedemo.testcases.TC_ProblemUser_Sort.ProblemUser_Sort(TC_ProblemUser_Sort.java:38)
at java.base/jdk.internal.reflect.NativeMethodAccessorImpl.invoke0(Native Method)
at java.base/jdk.internal.reflect.NativeMethodAccessorImpl.invoke(NativeMethodAccessorImpl.java:62)
at java.base/jdk.internal.reflect.DelegatingMethodAccessorImpl.invoke(DelegatingMethodAccessorImpl.java:43)
at java.base/java.lang.reflect.Method.invoke(Method.java:567)
at org.testng.internal.MethodInvocationHelper.invokeMethod(MethodInvocationHelper.java:132)
at org.testng.internal.TestInvoker.invokeMethod(TestInvoker.java:599)
at org.testng.internal.TestInvoker.invokeTestMethod(TestInvoker.java:174)
at org.testng.internal.MethodRunner.runInSequence(MethodRunner.java:46)
at org.testng.internal.TestInvoker$MethodInvocationAgent.invoke(TestInvoker.java:822)
at org.testng.internal.TestInvoker.invokeTestMethods(TestInvoker.java:147)
at org.testng.internal.TestMethodWorker.invokeTestMethods(TestMethodWorker.java:146)
at org.testng.internal.TestMethodWorker.run(TestMethodWorker.java:128)
at java.base/java.util.ArrayList.forEach(ArrayList.java:1507)
at org.testng.TestRunner.privateRun(TestRunner.java:764)
at org.testng.TestRunner.run(TestRunner.java:585)
at org.testng.SuiteRunner.runTest(SuiteRunner.java:384)
at org.testng.SuiteRunner.runSequentially(SuiteRunner.java:378)
at org.testng.SuiteRunner.privateRun(SuiteRunner.java:337)
at org.testng.SuiteRunner.run(SuiteRunner.java:286)
at org.testng.SuiteRunnerWorker.runSuite(SuiteRunnerWorker.java:53)
at org.testng.SuiteRunnerWorker.run(SuiteRunnerWorker.java:96)
at org.testng.TestNG.runSuitesSequentially(TestNG.java:1218)
at org.testng.TestNG.runSuitesLocally(TestNG.java:1140)
at org.testng.TestNG.runSuites(TestNG.java:1069)
at org.testng.TestNG.run(TestNG.java:1037)
at org.testng.remote.AbstractRemoteTestNG.run(AbstractRemoteTestNG.java:115)
at org.testng.remote.RemoteTestNG.initAndRun(RemoteTestNG.java:251)
at org.testng.remote.RemoteTestNG.main(RemoteTestNG.java:77)
]]>
            </full-stacktrace>
          </exception> <!-- java.lang.AssertionError -->
          <reporter-output>
          </reporter-output>
        </test-method> <!-- ProblemUser_Sort -->
        <test-method is-config="true" signature="tearDown()[pri:0, instance:com.saucedemo.testcases.TC_ProblemUser_Sort@6fe7aac8]" started-at="2021-07-28T18:17:57 IST" name="tearDown" finished-at="2021-07-28T18:17:59 IST" duration-ms="1871" status="PASS">
          <reporter-output>
          </reporter-output>
        </test-method> <!-- tearDown -->
      </class> <!-- com.saucedemo.testcases.TC_ProblemUser_Sort -->
    </test> <!-- Test -->
  </suite> <!-- Suite -->
</testng-results>
