<?xml version="1.0" encoding="UTF-8"?>
<testng-results ignored="0" total="1" passed="1" failed="0" skipped="0">
  <reporter-output>
  </reporter-output>
  <suite started-at="2021-07-27T21:57:18 IST" name="Default suite" finished-at="2021-07-27T21:57:53 IST" duration-ms="35128">
    <groups>
    </groups>
    <test started-at="2021-07-27T21:57:18 IST" name="Default test" finished-at="2021-07-27T21:57:53 IST" duration-ms="35128">
      <class name="com.saucedemo.testcases.TC_StandardUser_AddToCart">
        <test-method is-config="true" signature="setup()[pri:0, instance:com.saucedemo.testcases.TC_StandardUser_AddToCart@54c562f7]" started-at="2021-07-27T21:57:18 IST" name="setup" finished-at="2021-07-27T21:57:23 IST" duration-ms="5615" status="PASS">
          <reporter-output>
          </reporter-output>
        </test-method> <!-- setup -->
        <test-method signature="Login_StandardUser()[pri:0, instance:com.saucedemo.testcases.TC_StandardUser_AddToCart@54c562f7]" started-at="2021-07-27T21:57:23 IST" name="Login_StandardUser" description="Verify whether the Standard user is able add products into cart" finished-at="2021-07-27T21:57:51 IST" duration-ms="27771" status="PASS">
          <reporter-output>
          </reporter-output>
        </test-method> <!-- Login_StandardUser -->
        <test-method is-config="true" signature="tearDown()[pri:0, instance:com.saucedemo.testcases.TC_StandardUser_AddToCart@54c562f7]" started-at="2021-07-27T21:57:51 IST" name="tearDown" finished-at="2021-07-27T21:57:53 IST" duration-ms="1611" status="PASS">
          <reporter-output>
          </reporter-output>
        </test-method> <!-- tearDown -->
      </class> <!-- com.saucedemo.testcases.TC_StandardUser_AddToCart -->
    </test> <!-- Default test -->
  </suite> <!-- Default suite -->
</testng-results>
